  [1m[36m (189.0ms)[0m  [1mCREATE TABLE "schema_migrations" ("version" varchar NOT NULL) [0m
  [1m[35m (0.2ms)[0m  select sqlite_version(*)
  [1m[36m (267.3ms)[0m  [1mCREATE UNIQUE INDEX "unique_schema_migrations" ON "schema_migrations" ("version")[0m
  [1m[35mActiveRecord::SchemaMigration Load (0.2ms)[0m  SELECT "schema_migrations".* FROM "schema_migrations"
Migrating to CreateUsers (20150628235936)
  [1m[36m (0.2ms)[0m  [1mbegin transaction[0m
  [1m[35m (0.1ms)[0m  rollback transaction
  [1m[36mActiveRecord::SchemaMigration Load (0.1ms)[0m  [1mSELECT "schema_migrations".* FROM "schema_migrations"[0m
Migrating to CreateUsers (20150628235936)
  [1m[35m (0.1ms)[0m  begin transaction
  [1m[36m (0.4ms)[0m  [1mCREATE TABLE "users" ("id" INTEGER PRIMARY KEY AUTOINCREMENT NOT NULL, "name" varchar, "email" varchar, "created_at" datetime NOT NULL, "updated_at" datetime NOT NULL) [0m
  [1m[35mSQL (0.6ms)[0m  INSERT INTO "schema_migrations" ("version") VALUES (?)  [["version", "20150628235936"]]
  [1m[36m (169.2ms)[0m  [1mcommit transaction[0m
  [1m[35mActiveRecord::SchemaMigration Load (0.2ms)[0m  SELECT "schema_migrations".* FROM "schema_migrations"
  [1m[36mActiveRecord::SchemaMigration Load (0.1ms)[0m  [1mSELECT "schema_migrations".* FROM "schema_migrations"[0m
Migrating to AddPasswordAndPasswordConfirmationToUser (20150629000848)
  [1m[35m (0.1ms)[0m  begin transaction
  [1m[36m (0.4ms)[0m  [1mALTER TABLE "users" ADD "password" varchar[0m
  [1m[35m (0.1ms)[0m  ALTER TABLE "users" ADD "password_confirmation" varchar
  [1m[36mSQL (0.2ms)[0m  [1mINSERT INTO "schema_migrations" ("version") VALUES (?)[0m  [["version", "20150629000848"]]
  [1m[35m (174.0ms)[0m  commit transaction
  [1m[36mActiveRecord::SchemaMigration Load (0.3ms)[0m  [1mSELECT "schema_migrations".* FROM "schema_migrations"[0m
  [1m[36mActiveRecord::SchemaMigration Load (0.1ms)[0m  [1mSELECT "schema_migrations".* FROM "schema_migrations"[0m
Migrating to UpdateUserModel (20150629001343)
  [1m[35m (0.1ms)[0m  begin transaction
  [1m[36m (0.4ms)[0m  [1mALTER TABLE "users" ADD "password_digest" varchar[0m
  [1m[35m (0.3ms)[0m  CREATE TEMPORARY TABLE "ausers" ("id" INTEGER PRIMARY KEY AUTOINCREMENT NOT NULL, "name" varchar, "email" varchar, "created_at" datetime NOT NULL, "updated_at" datetime NOT NULL, "password" varchar, "password_confirmation" varchar, "password_digest" varchar) 
  [1m[36m (0.1ms)[0m  [1mSELECT * FROM "users"[0m
  [1m[35m (0.2ms)[0m  DROP TABLE "users"
  [1m[36m (0.1ms)[0m  [1mCREATE TABLE "users" ("id" INTEGER PRIMARY KEY AUTOINCREMENT NOT NULL, "name" varchar, "email" varchar, "created_at" datetime NOT NULL, "updated_at" datetime NOT NULL, "password_confirmation" varchar, "password_digest" varchar) [0m
  [1m[35m (0.1ms)[0m  SELECT * FROM "ausers"
  [1m[36m (0.1ms)[0m  [1mDROP TABLE "ausers"[0m
  [1m[35m (0.1ms)[0m  CREATE TEMPORARY TABLE "ausers" ("id" INTEGER PRIMARY KEY AUTOINCREMENT NOT NULL, "name" varchar, "email" varchar, "created_at" datetime NOT NULL, "updated_at" datetime NOT NULL, "password_confirmation" varchar, "password_digest" varchar) 
  [1m[36m (0.1ms)[0m  [1mSELECT * FROM "users"[0m
  [1m[35m (0.1ms)[0m  DROP TABLE "users"
  [1m[36m (0.1ms)[0m  [1mCREATE TABLE "users" ("id" INTEGER PRIMARY KEY AUTOINCREMENT NOT NULL, "name" varchar, "email" varchar, "created_at" datetime NOT NULL, "updated_at" datetime NOT NULL, "password_digest" varchar) [0m
  [1m[35m (0.1ms)[0m  SELECT * FROM "ausers"
  [1m[36m (0.1ms)[0m  [1mDROP TABLE "ausers"[0m
  [1m[35mSQL (0.3ms)[0m  INSERT INTO "schema_migrations" ("version") VALUES (?)  [["version", "20150629001343"]]
  [1m[36m (139.0ms)[0m  [1mcommit transaction[0m
  [1m[35mActiveRecord::SchemaMigration Load (0.2ms)[0m  SELECT "schema_migrations".* FROM "schema_migrations"
  [1m[36m (0.1ms)[0m  [1mbegin transaction[0m
  [1m[35mSQL (0.4ms)[0m  INSERT INTO "users" ("name", "email", "password_digest", "created_at", "updated_at") VALUES (?, ?, ?, ?, ?)  [["name", "foobar"], ["email", "foo@bar.com"], ["password_digest", "$2a$10$H9x3QZcW75YjnRPxq5eOeuo9wxG5MY1BConj45udD9RfmuY/uWJXu"], ["created_at", "2015-06-29 00:15:19.155041"], ["updated_at", "2015-06-29 00:15:19.155041"]]
  [1m[36m (227.7ms)[0m  [1mcommit transaction[0m
  [1m[35m (0.1ms)[0m  begin transaction
  [1m[36mSQL (0.4ms)[0m  [1mINSERT INTO "users" ("name", "email", "password_digest", "created_at", "updated_at") VALUES (?, ?, ?, ?, ?)[0m  [["name", "foobar"], ["email", "kevin9075@gmail.com"], ["password_digest", "$2a$10$fiPkDqzgMQ0a9CEhLHNt4uk27Hv6xJqLFtBTitshmCTep/Me.NW/m"], ["created_at", "2015-06-29 00:17:13.084486"], ["updated_at", "2015-06-29 00:17:13.084486"]]
  [1m[35m (200.7ms)[0m  commit transaction
  [1m[36mActiveRecord::SchemaMigration Load (0.1ms)[0m  [1mSELECT "schema_migrations".* FROM "schema_migrations"[0m
Migrating to AddRememberTokenToUser (20150629002355)
  [1m[35m (0.1ms)[0m  begin transaction
  [1m[36m (0.4ms)[0m  [1mALTER TABLE "users" ADD "remember_token" varchar[0m
  [1m[35mSQL (0.2ms)[0m  INSERT INTO "schema_migrations" ("version") VALUES (?)  [["version", "20150629002355"]]
  [1m[36m (163.3ms)[0m  [1mcommit transaction[0m
  [1m[35mActiveRecord::SchemaMigration Load (0.2ms)[0m  SELECT "schema_migrations".* FROM "schema_migrations"
  [1m[36mActiveRecord::SchemaMigration Load (0.1ms)[0m  [1mSELECT "schema_migrations".* FROM "schema_migrations"[0m
Migrating to ChangeRememberToken (20150629003104)
  [1m[35m (0.1ms)[0m  begin transaction
  [1m[36m (0.3ms)[0m  [1mCREATE TEMPORARY TABLE "ausers" ("id" INTEGER PRIMARY KEY AUTOINCREMENT NOT NULL, "name" varchar, "email" varchar, "created_at" datetime NOT NULL, "updated_at" datetime NOT NULL, "password_digest" varchar, "remember_token" varchar) [0m
  [1m[35m (0.1ms)[0m  SELECT * FROM "users"
  [1m[36m (0.1ms)[0m  [1mINSERT INTO "ausers" ("id","name","email","created_at","updated_at","password_digest","remember_token") VALUES (1, 'foobar', 'foo@bar.com', '2015-06-29 00:15:19.155041', '2015-06-29 00:15:19.155041', '$2a$10$H9x3QZcW75YjnRPxq5eOeuo9wxG5MY1BConj45udD9RfmuY/uWJXu', NULL)[0m
  [1m[35m (0.1ms)[0m  INSERT INTO "ausers" ("id","name","email","created_at","updated_at","password_digest","remember_token") VALUES (2, 'foobar', 'kevin9075@gmail.com', '2015-06-29 00:17:13.084486', '2015-06-29 00:17:13.084486', '$2a$10$fiPkDqzgMQ0a9CEhLHNt4uk27Hv6xJqLFtBTitshmCTep/Me.NW/m', NULL)
  [1m[36m (0.3ms)[0m  [1mDROP TABLE "users"[0m
  [1m[35m (0.1ms)[0m  CREATE TABLE "users" ("id" INTEGER PRIMARY KEY AUTOINCREMENT NOT NULL, "name" varchar, "email" varchar, "created_at" datetime NOT NULL, "updated_at" datetime NOT NULL, "password_digest" varchar) 
  [1m[36m (0.1ms)[0m  [1mSELECT * FROM "ausers"[0m
  [1m[35m (0.0ms)[0m  INSERT INTO "users" ("id","name","email","created_at","updated_at","password_digest") VALUES (1, 'foobar', 'foo@bar.com', '2015-06-29 00:15:19.155041', '2015-06-29 00:15:19.155041', '$2a$10$H9x3QZcW75YjnRPxq5eOeuo9wxG5MY1BConj45udD9RfmuY/uWJXu')
  [1m[36m (0.0ms)[0m  [1mINSERT INTO "users" ("id","name","email","created_at","updated_at","password_digest") VALUES (2, 'foobar', 'kevin9075@gmail.com', '2015-06-29 00:17:13.084486', '2015-06-29 00:17:13.084486', '$2a$10$fiPkDqzgMQ0a9CEhLHNt4uk27Hv6xJqLFtBTitshmCTep/Me.NW/m')[0m
  [1m[35m (0.1ms)[0m  DROP TABLE "ausers"
  [1m[36m (0.1ms)[0m  [1mALTER TABLE "users" ADD "remember_digest" varchar[0m
  [1m[35mSQL (0.3ms)[0m  INSERT INTO "schema_migrations" ("version") VALUES (?)  [["version", "20150629003104"]]
  [1m[36m (182.9ms)[0m  [1mcommit transaction[0m
  [1m[35mActiveRecord::SchemaMigration Load (0.3ms)[0m  SELECT "schema_migrations".* FROM "schema_migrations"


Started GET "/users/new" for 127.0.0.1 at 2015-06-28 20:34:40 -0400
  [1m[36mActiveRecord::SchemaMigration Load (0.1ms)[0m  [1mSELECT "schema_migrations".* FROM "schema_migrations"[0m

ActionController::RoutingError (No route matches [GET] "/users/new"):
  actionpack (4.2.2) lib/action_dispatch/middleware/debug_exceptions.rb:21:in `call'
  web-console (2.1.3) lib/web_console/middleware.rb:37:in `call'
  actionpack (4.2.2) lib/action_dispatch/middleware/show_exceptions.rb:30:in `call'
  railties (4.2.2) lib/rails/rack/logger.rb:38:in `call_app'
  railties (4.2.2) lib/rails/rack/logger.rb:20:in `block in call'
  activesupport (4.2.2) lib/active_support/tagged_logging.rb:68:in `block in tagged'
  activesupport (4.2.2) lib/active_support/tagged_logging.rb:26:in `tagged'
  activesupport (4.2.2) lib/active_support/tagged_logging.rb:68:in `tagged'
  railties (4.2.2) lib/rails/rack/logger.rb:20:in `call'
  actionpack (4.2.2) lib/action_dispatch/middleware/request_id.rb:21:in `call'
  rack (1.6.4) lib/rack/methodoverride.rb:22:in `call'
  rack (1.6.4) lib/rack/runtime.rb:18:in `call'
  activesupport (4.2.2) lib/active_support/cache/strategy/local_cache_middleware.rb:28:in `call'
  rack (1.6.4) lib/rack/lock.rb:17:in `call'
  actionpack (4.2.2) lib/action_dispatch/middleware/static.rb:113:in `call'
  rack (1.6.4) lib/rack/sendfile.rb:113:in `call'
  railties (4.2.2) lib/rails/engine.rb:518:in `call'
  railties (4.2.2) lib/rails/application.rb:164:in `call'
  rack (1.6.4) lib/rack/lock.rb:17:in `call'
  rack (1.6.4) lib/rack/content_length.rb:15:in `call'
  rack (1.6.4) lib/rack/handler/webrick.rb:88:in `service'
  /home/lizander/.rvm/rubies/ruby-2.2.0/lib/ruby/2.2.0/webrick/httpserver.rb:138:in `service'
  /home/lizander/.rvm/rubies/ruby-2.2.0/lib/ruby/2.2.0/webrick/httpserver.rb:94:in `run'
  /home/lizander/.rvm/rubies/ruby-2.2.0/lib/ruby/2.2.0/webrick/server.rb:294:in `block in start_thread'


  Rendered /home/lizander/.rvm/gems/ruby-2.2.0/gems/actionpack-4.2.2/lib/action_dispatch/middleware/templates/rescues/_trace.html.erb (1.3ms)
  Rendered /home/lizander/.rvm/gems/ruby-2.2.0/gems/actionpack-4.2.2/lib/action_dispatch/middleware/templates/routes/_route.html.erb (1.1ms)
  Rendered /home/lizander/.rvm/gems/ruby-2.2.0/gems/actionpack-4.2.2/lib/action_dispatch/middleware/templates/routes/_table.html.erb (29.1ms)
  Rendered /home/lizander/.rvm/gems/ruby-2.2.0/gems/actionpack-4.2.2/lib/action_dispatch/middleware/templates/rescues/_request_and_response.html.erb (8.4ms)
  Rendered /home/lizander/.rvm/gems/ruby-2.2.0/gems/actionpack-4.2.2/lib/action_dispatch/middleware/templates/rescues/routing_error.html.erb within rescues/layout (128.5ms)
  Rendered /home/lizander/.rvm/gems/ruby-2.2.0/gems/web-console-2.1.3/lib/web_console/templates/_markup.html.erb (0.3ms)
  Rendered /home/lizander/.rvm/gems/ruby-2.2.0/gems/web-console-2.1.3/lib/web_console/templates/style.css.erb within layouts/inlined_string (0.2ms)
  Rendered /home/lizander/.rvm/gems/ruby-2.2.0/gems/web-console-2.1.3/lib/web_console/templates/_inner_console_markup.html.erb within layouts/inlined_string (0.2ms)
  Rendered /home/lizander/.rvm/gems/ruby-2.2.0/gems/web-console-2.1.3/lib/web_console/templates/_prompt_box_markup.html.erb within layouts/inlined_string (0.2ms)
  Rendered /home/lizander/.rvm/gems/ruby-2.2.0/gems/web-console-2.1.3/lib/web_console/templates/console.js.erb within layouts/javascript (24.9ms)
  Rendered /home/lizander/.rvm/gems/ruby-2.2.0/gems/web-console-2.1.3/lib/web_console/templates/main.js.erb within layouts/javascript (0.2ms)
  Rendered /home/lizander/.rvm/gems/ruby-2.2.0/gems/web-console-2.1.3/lib/web_console/templates/error_page.js.erb within layouts/javascript (0.3ms)
  Rendered /home/lizander/.rvm/gems/ruby-2.2.0/gems/web-console-2.1.3/lib/web_console/templates/index.html.erb (66.3ms)


Started GET "/login" for 127.0.0.1 at 2015-06-28 20:34:43 -0400
Processing by SessionsController#new as HTML
Completed 500 Internal Server Error in 3ms (ActiveRecord: 0.0ms)

NameError (uninitialized constant SessionsController::Session):
  app/controllers/sessions_controller.rb:4:in `new'


  Rendered /home/lizander/.rvm/gems/ruby-2.2.0/gems/actionpack-4.2.2/lib/action_dispatch/middleware/templates/rescues/_source.erb (14.9ms)
  Rendered /home/lizander/.rvm/gems/ruby-2.2.0/gems/actionpack-4.2.2/lib/action_dispatch/middleware/templates/rescues/_trace.html.erb (2.2ms)
  Rendered /home/lizander/.rvm/gems/ruby-2.2.0/gems/actionpack-4.2.2/lib/action_dispatch/middleware/templates/rescues/_request_and_response.html.erb (0.7ms)
  Rendered /home/lizander/.rvm/gems/ruby-2.2.0/gems/actionpack-4.2.2/lib/action_dispatch/middleware/templates/rescues/diagnostics.html.erb within rescues/layout (147.5ms)
  Rendered /home/lizander/.rvm/gems/ruby-2.2.0/gems/web-console-2.1.3/lib/web_console/templates/_markup.html.erb (0.2ms)
  Rendered /home/lizander/.rvm/gems/ruby-2.2.0/gems/web-console-2.1.3/lib/web_console/templates/style.css.erb within layouts/inlined_string (0.2ms)
  Rendered /home/lizander/.rvm/gems/ruby-2.2.0/gems/web-console-2.1.3/lib/web_console/templates/_inner_console_markup.html.erb within layouts/inlined_string (0.2ms)
  Rendered /home/lizander/.rvm/gems/ruby-2.2.0/gems/web-console-2.1.3/lib/web_console/templates/_prompt_box_markup.html.erb within layouts/inlined_string (0.2ms)
  Rendered /home/lizander/.rvm/gems/ruby-2.2.0/gems/web-console-2.1.3/lib/web_console/templates/console.js.erb within layouts/javascript (14.9ms)
  Rendered /home/lizander/.rvm/gems/ruby-2.2.0/gems/web-console-2.1.3/lib/web_console/templates/main.js.erb within layouts/javascript (0.2ms)
  Rendered /home/lizander/.rvm/gems/ruby-2.2.0/gems/web-console-2.1.3/lib/web_console/templates/error_page.js.erb within layouts/javascript (0.4ms)
  Rendered /home/lizander/.rvm/gems/ruby-2.2.0/gems/web-console-2.1.3/lib/web_console/templates/index.html.erb (30.8ms)


Started GET "/login" for 127.0.0.1 at 2015-06-28 20:35:04 -0400
Processing by SessionsController#new as HTML
  Rendered sessions/new.html.erb within layouts/application (1.2ms)
Completed 500 Internal Server Error in 4ms (ActiveRecord: 0.0ms)

SyntaxError (/home/lizander/Desktop/rails/members-only/app/views/sessions/new.html.erb:13: syntax error, unexpected keyword_ensure, expecting end-of-input):
  app/views/sessions/new.html.erb:13: syntax error, unexpected keyword_ensure, expecting end-of-input


  Rendered /home/lizander/.rvm/gems/ruby-2.2.0/gems/actionpack-4.2.2/lib/action_dispatch/middleware/templates/rescues/_source.erb (7.8ms)
  Rendered /home/lizander/.rvm/gems/ruby-2.2.0/gems/actionpack-4.2.2/lib/action_dispatch/middleware/templates/rescues/_trace.html.erb (3.0ms)
  Rendered /home/lizander/.rvm/gems/ruby-2.2.0/gems/actionpack-4.2.2/lib/action_dispatch/middleware/templates/rescues/_request_and_response.html.erb (0.7ms)
  Rendered /home/lizander/.rvm/gems/ruby-2.2.0/gems/actionpack-4.2.2/lib/action_dispatch/middleware/templates/rescues/diagnostics.html.erb within rescues/layout (24.7ms)
  Rendered /home/lizander/.rvm/gems/ruby-2.2.0/gems/web-console-2.1.3/lib/web_console/templates/_markup.html.erb (0.2ms)
  Rendered /home/lizander/.rvm/gems/ruby-2.2.0/gems/web-console-2.1.3/lib/web_console/templates/style.css.erb within layouts/inlined_string (0.2ms)
  Rendered /home/lizander/.rvm/gems/ruby-2.2.0/gems/web-console-2.1.3/lib/web_console/templates/_inner_console_markup.html.erb within layouts/inlined_string (0.2ms)
  Rendered /home/lizander/.rvm/gems/ruby-2.2.0/gems/web-console-2.1.3/lib/web_console/templates/_prompt_box_markup.html.erb within layouts/inlined_string (0.2ms)
  Rendered /home/lizander/.rvm/gems/ruby-2.2.0/gems/web-console-2.1.3/lib/web_console/templates/console.js.erb within layouts/javascript (14.9ms)
  Rendered /home/lizander/.rvm/gems/ruby-2.2.0/gems/web-console-2.1.3/lib/web_console/templates/main.js.erb within layouts/javascript (0.2ms)
  Rendered /home/lizander/.rvm/gems/ruby-2.2.0/gems/web-console-2.1.3/lib/web_console/templates/error_page.js.erb within layouts/javascript (0.3ms)
  Rendered /home/lizander/.rvm/gems/ruby-2.2.0/gems/web-console-2.1.3/lib/web_console/templates/index.html.erb (30.5ms)


Started GET "/login" for 127.0.0.1 at 2015-06-28 20:35:56 -0400
Processing by SessionsController#new as HTML
  Rendered sessions/new.html.erb within layouts/application (1.2ms)
Completed 500 Internal Server Error in 3ms (ActiveRecord: 0.0ms)

SyntaxError (/home/lizander/Desktop/rails/members-only/app/views/sessions/new.html.erb:3: syntax error, unexpected ',', expecting ')'
...er.append=  form_for (:session, url: login_path) do |f| @out...
...                               ^
/home/lizander/Desktop/rails/members-only/app/views/sessions/new.html.erb:13: syntax error, unexpected keyword_ensure, expecting end-of-input):
  app/views/sessions/new.html.erb:3: syntax error, unexpected ',', expecting ')'
  app/views/sessions/new.html.erb:13: syntax error, unexpected keyword_ensure, expecting end-of-input


  Rendered /home/lizander/.rvm/gems/ruby-2.2.0/gems/actionpack-4.2.2/lib/action_dispatch/middleware/templates/rescues/_source.erb (7.5ms)
  Rendered /home/lizander/.rvm/gems/ruby-2.2.0/gems/actionpack-4.2.2/lib/action_dispatch/middleware/templates/rescues/_trace.html.erb (2.9ms)
  Rendered /home/lizander/.rvm/gems/ruby-2.2.0/gems/actionpack-4.2.2/lib/action_dispatch/middleware/templates/rescues/_request_and_response.html.erb (0.7ms)
  Rendered /home/lizander/.rvm/gems/ruby-2.2.0/gems/actionpack-4.2.2/lib/action_dispatch/middleware/templates/rescues/diagnostics.html.erb within rescues/layout (23.9ms)
  Rendered /home/lizander/.rvm/gems/ruby-2.2.0/gems/web-console-2.1.3/lib/web_console/templates/_markup.html.erb (0.2ms)
  Rendered /home/lizander/.rvm/gems/ruby-2.2.0/gems/web-console-2.1.3/lib/web_console/templates/style.css.erb within layouts/inlined_string (0.2ms)
  Rendered /home/lizander/.rvm/gems/ruby-2.2.0/gems/web-console-2.1.3/lib/web_console/templates/_inner_console_markup.html.erb within layouts/inlined_string (0.2ms)
  Rendered /home/lizander/.rvm/gems/ruby-2.2.0/gems/web-console-2.1.3/lib/web_console/templates/_prompt_box_markup.html.erb within layouts/inlined_string (0.2ms)
  Rendered /home/lizander/.rvm/gems/ruby-2.2.0/gems/web-console-2.1.3/lib/web_console/templates/console.js.erb within layouts/javascript (14.5ms)
  Rendered /home/lizander/.rvm/gems/ruby-2.2.0/gems/web-console-2.1.3/lib/web_console/templates/main.js.erb within layouts/javascript (0.2ms)
  Rendered /home/lizander/.rvm/gems/ruby-2.2.0/gems/web-console-2.1.3/lib/web_console/templates/error_page.js.erb within layouts/javascript (0.3ms)
  Rendered /home/lizander/.rvm/gems/ruby-2.2.0/gems/web-console-2.1.3/lib/web_console/templates/index.html.erb (30.5ms)


Started GET "/login" for 127.0.0.1 at 2015-06-28 20:37:46 -0400
Processing by SessionsController#new as HTML
  Rendered sessions/new.html.erb within layouts/application (1.2ms)
Completed 500 Internal Server Error in 3ms (ActiveRecord: 0.0ms)

SyntaxError (/home/lizander/Desktop/rails/members-only/app/views/sessions/new.html.erb:3: syntax error, unexpected ',', expecting ')'
...er.append=  form_for (:session, url: login_path) do |f| @out...
...                               ^
/home/lizander/Desktop/rails/members-only/app/views/sessions/new.html.erb:13: syntax error, unexpected keyword_ensure, expecting end-of-input):
  app/views/sessions/new.html.erb:3: syntax error, unexpected ',', expecting ')'
  app/views/sessions/new.html.erb:13: syntax error, unexpected keyword_ensure, expecting end-of-input


  Rendered /home/lizander/.rvm/gems/ruby-2.2.0/gems/actionpack-4.2.2/lib/action_dispatch/middleware/templates/rescues/_source.erb (8.0ms)
  Rendered /home/lizander/.rvm/gems/ruby-2.2.0/gems/actionpack-4.2.2/lib/action_dispatch/middleware/templates/rescues/_trace.html.erb (3.1ms)
  Rendered /home/lizander/.rvm/gems/ruby-2.2.0/gems/actionpack-4.2.2/lib/action_dispatch/middleware/templates/rescues/_request_and_response.html.erb (0.8ms)
  Rendered /home/lizander/.rvm/gems/ruby-2.2.0/gems/actionpack-4.2.2/lib/action_dispatch/middleware/templates/rescues/diagnostics.html.erb within rescues/layout (24.8ms)
  Rendered /home/lizander/.rvm/gems/ruby-2.2.0/gems/web-console-2.1.3/lib/web_console/templates/_markup.html.erb (0.2ms)
  Rendered /home/lizander/.rvm/gems/ruby-2.2.0/gems/web-console-2.1.3/lib/web_console/templates/style.css.erb within layouts/inlined_string (0.2ms)
  Rendered /home/lizander/.rvm/gems/ruby-2.2.0/gems/web-console-2.1.3/lib/web_console/templates/_inner_console_markup.html.erb within layouts/inlined_string (0.2ms)
  Rendered /home/lizander/.rvm/gems/ruby-2.2.0/gems/web-console-2.1.3/lib/web_console/templates/_prompt_box_markup.html.erb within layouts/inlined_string (0.2ms)
  Rendered /home/lizander/.rvm/gems/ruby-2.2.0/gems/web-console-2.1.3/lib/web_console/templates/console.js.erb within layouts/javascript (14.8ms)
  Rendered /home/lizander/.rvm/gems/ruby-2.2.0/gems/web-console-2.1.3/lib/web_console/templates/main.js.erb within layouts/javascript (0.2ms)
  Rendered /home/lizander/.rvm/gems/ruby-2.2.0/gems/web-console-2.1.3/lib/web_console/templates/error_page.js.erb within layouts/javascript (0.3ms)
  Rendered /home/lizander/.rvm/gems/ruby-2.2.0/gems/web-console-2.1.3/lib/web_console/templates/index.html.erb (30.5ms)


Started GET "/login" for 127.0.0.1 at 2015-06-28 20:38:17 -0400
Processing by SessionsController#new as HTML
  Rendered sessions/new.html.erb within layouts/application (50.1ms)
Completed 200 OK in 1352ms (Views: 1351.8ms | ActiveRecord: 0.0ms)


Started GET "/assets/sessions.self-e3b0c44298fc1c149afbf4c8996fb92427ae41e4649b934ca495991b7852b855.css?body=1" for 127.0.0.1 at 2015-06-28 20:38:18 -0400


Started GET "/assets/jquery.self-d03a5518f45df77341bdbe6201ba3bfa547ebba8ed64f0ea56bfa5f96ea7c074.js?body=1" for 127.0.0.1 at 2015-06-28 20:38:18 -0400


Started GET "/assets/application.self-e80e8f2318043e8af94dddc2adad5a4f09739a8ebb323b3ab31cd71d45fd9113.css?body=1" for 127.0.0.1 at 2015-06-28 20:38:18 -0400


Started GET "/assets/jquery_ujs.self-ca5248a2fad13d6bd58ea121318d642f195f0b2dd818b30615f785ff365e8d1f.js?body=1" for 127.0.0.1 at 2015-06-28 20:38:18 -0400


Started GET "/assets/application.self-3b8dabdc891efe46b9a144b400ad69e37d7e5876bdc39dee783419a69d7ca819.js?body=1" for 127.0.0.1 at 2015-06-28 20:38:18 -0400


Started GET "/assets/turbolinks.self-c37727e9bd6b2735da5c311aa83fead54ed0be6cc8bd9a65309e9c5abe2cbfff.js?body=1" for 127.0.0.1 at 2015-06-28 20:38:18 -0400


Started GET "/assets/sessions.self-877aef30ae1b040ab8a3aba4e3e309a11d7f2612f44dde450b5c157aa5f95c05.js?body=1" for 127.0.0.1 at 2015-06-28 20:38:18 -0400


Started GET "/login" for 127.0.0.1 at 2015-06-28 20:38:45 -0400
Processing by SessionsController#new as HTML
  Rendered sessions/new.html.erb within layouts/application (2.3ms)
Completed 200 OK in 37ms (Views: 35.5ms | ActiveRecord: 0.0ms)


Started GET "/assets/application.self-e80e8f2318043e8af94dddc2adad5a4f09739a8ebb323b3ab31cd71d45fd9113.css?body=1" for 127.0.0.1 at 2015-06-28 20:38:45 -0400


Started GET "/assets/jquery.self-d03a5518f45df77341bdbe6201ba3bfa547ebba8ed64f0ea56bfa5f96ea7c074.js?body=1" for 127.0.0.1 at 2015-06-28 20:38:45 -0400


Started GET "/assets/jquery_ujs.self-ca5248a2fad13d6bd58ea121318d642f195f0b2dd818b30615f785ff365e8d1f.js?body=1" for 127.0.0.1 at 2015-06-28 20:38:45 -0400


Started GET "/assets/sessions.self-e3b0c44298fc1c149afbf4c8996fb92427ae41e4649b934ca495991b7852b855.css?body=1" for 127.0.0.1 at 2015-06-28 20:38:45 -0400


Started GET "/assets/turbolinks.self-c37727e9bd6b2735da5c311aa83fead54ed0be6cc8bd9a65309e9c5abe2cbfff.js?body=1" for 127.0.0.1 at 2015-06-28 20:38:45 -0400


Started GET "/assets/sessions.self-877aef30ae1b040ab8a3aba4e3e309a11d7f2612f44dde450b5c157aa5f95c05.js?body=1" for 127.0.0.1 at 2015-06-28 20:38:45 -0400


Started GET "/assets/application.self-3b8dabdc891efe46b9a144b400ad69e37d7e5876bdc39dee783419a69d7ca819.js?body=1" for 127.0.0.1 at 2015-06-28 20:38:45 -0400
  [1m[36m (0.1ms)[0m  [1mbegin transaction[0m
  [1m[35m (0.0ms)[0m  rollback transaction
  [1m[36m (0.1ms)[0m  [1mbegin transaction[0m
  [1m[35m (0.0ms)[0m  rollback transaction
  [1m[36m (0.1ms)[0m  [1mbegin transaction[0m
  [1m[35m (0.0ms)[0m  rollback transaction
  [1m[36m (144.6ms)[0m  [1mCREATE TABLE "schema_migrations" ("version" varchar NOT NULL) [0m
  [1m[35m (0.2ms)[0m  select sqlite_version(*)
  [1m[36m (133.4ms)[0m  [1mCREATE UNIQUE INDEX "unique_schema_migrations" ON "schema_migrations" ("version")[0m
  [1m[35mActiveRecord::SchemaMigration Load (0.2ms)[0m  SELECT "schema_migrations".* FROM "schema_migrations"
Migrating to CreateUsers (20150628235936)
  [1m[36m (0.1ms)[0m  [1mbegin transaction[0m
  [1m[35m (0.9ms)[0m  CREATE TABLE "users" ("id" INTEGER PRIMARY KEY AUTOINCREMENT NOT NULL, "name" varchar, "email" varchar, "created_at" datetime NOT NULL, "updated_at" datetime NOT NULL) 
  [1m[36mSQL (0.2ms)[0m  [1mINSERT INTO "schema_migrations" ("version") VALUES (?)[0m  [["version", "20150628235936"]]
  [1m[35m (153.3ms)[0m  commit transaction
Migrating to AddPasswordAndPasswordConfirmationToUser (20150629000848)
  [1m[36m (0.1ms)[0m  [1mbegin transaction[0m
  [1m[35m (0.8ms)[0m  ALTER TABLE "users" ADD "password" varchar
  [1m[36m (0.4ms)[0m  [1mALTER TABLE "users" ADD "password_confirmation" varchar[0m
  [1m[35mSQL (0.4ms)[0m  INSERT INTO "schema_migrations" ("version") VALUES (?)  [["version", "20150629000848"]]
  [1m[36m (152.0ms)[0m  [1mcommit transaction[0m
Migrating to UpdateUserModel (20150629001343)
  [1m[35m (0.1ms)[0m  begin transaction
  [1m[36m (0.8ms)[0m  [1mALTER TABLE "users" ADD "password_digest" varchar[0m
  [1m[35m (0.7ms)[0m  CREATE TEMPORARY TABLE "ausers" ("id" INTEGER PRIMARY KEY AUTOINCREMENT NOT NULL, "name" varchar, "email" varchar, "created_at" datetime NOT NULL, "updated_at" datetime NOT NULL, "password" varchar, "password_confirmation" varchar, "password_digest" varchar) 
  [1m[36m (0.2ms)[0m  [1mSELECT * FROM "users"[0m
  [1m[35m (0.5ms)[0m  DROP TABLE "users"
  [1m[36m (0.3ms)[0m  [1mCREATE TABLE "users" ("id" INTEGER PRIMARY KEY AUTOINCREMENT NOT NULL, "name" varchar, "email" varchar, "created_at" datetime NOT NULL, "updated_at" datetime NOT NULL, "password_confirmation" varchar, "password_digest" varchar) [0m
  [1m[35m (0.2ms)[0m  SELECT * FROM "ausers"
  [1m[36m (0.5ms)[0m  [1mDROP TABLE "ausers"[0m
  [1m[35m (0.1ms)[0m  CREATE TEMPORARY TABLE "ausers" ("id" INTEGER PRIMARY KEY AUTOINCREMENT NOT NULL, "name" varchar, "email" varchar, "created_at" datetime NOT NULL, "updated_at" datetime NOT NULL, "password_confirmation" varchar, "password_digest" varchar) 
  [1m[36m (0.1ms)[0m  [1mSELECT * FROM "users"[0m
  [1m[35m (0.1ms)[0m  DROP TABLE "users"
  [1m[36m (0.1ms)[0m  [1mCREATE TABLE "users" ("id" INTEGER PRIMARY KEY AUTOINCREMENT NOT NULL, "name" varchar, "email" varchar, "created_at" datetime NOT NULL, "updated_at" datetime NOT NULL, "password_digest" varchar) [0m
  [1m[35m (0.1ms)[0m  SELECT * FROM "ausers"
  [1m[36m (0.1ms)[0m  [1mDROP TABLE "ausers"[0m
  [1m[35mSQL (0.2ms)[0m  INSERT INTO "schema_migrations" ("version") VALUES (?)  [["version", "20150629001343"]]
  [1m[36m (187.4ms)[0m  [1mcommit transaction[0m
Migrating to AddRememberTokenToUser (20150629002355)
  [1m[35m (0.1ms)[0m  begin transaction
  [1m[36m (0.8ms)[0m  [1mALTER TABLE "users" ADD "remember_token" varchar[0m
  [1m[35mSQL (0.4ms)[0m  INSERT INTO "schema_migrations" ("version") VALUES (?)  [["version", "20150629002355"]]
  [1m[36m (177.0ms)[0m  [1mcommit transaction[0m
Migrating to ChangeRememberToken (20150629003104)
  [1m[35m (0.1ms)[0m  begin transaction
  [1m[36m (0.5ms)[0m  [1mCREATE TEMPORARY TABLE "ausers" ("id" INTEGER PRIMARY KEY AUTOINCREMENT NOT NULL, "name" varchar, "email" varchar, "created_at" datetime NOT NULL, "updated_at" datetime NOT NULL, "password_digest" varchar, "remember_token" varchar) [0m
  [1m[35m (0.2ms)[0m  SELECT * FROM "users"
  [1m[36m (0.7ms)[0m  [1mDROP TABLE "users"[0m
  [1m[35m (0.4ms)[0m  CREATE TABLE "users" ("id" INTEGER PRIMARY KEY AUTOINCREMENT NOT NULL, "name" varchar, "email" varchar, "created_at" datetime NOT NULL, "updated_at" datetime NOT NULL, "password_digest" varchar) 
  [1m[36m (0.2ms)[0m  [1mSELECT * FROM "ausers"[0m
  [1m[35m (0.3ms)[0m  DROP TABLE "ausers"
  [1m[36m (0.4ms)[0m  [1mALTER TABLE "users" ADD "remember_digest" varchar[0m
  [1m[35mSQL (0.2ms)[0m  INSERT INTO "schema_migrations" ("version") VALUES (?)  [["version", "20150629003104"]]
  [1m[36m (145.4ms)[0m  [1mcommit transaction[0m
  [1m[35mActiveRecord::SchemaMigration Load (0.2ms)[0m  SELECT "schema_migrations".* FROM "schema_migrations"
  [1m[36m (268.3ms)[0m  [1mCREATE TABLE "users" ("id" INTEGER PRIMARY KEY AUTOINCREMENT NOT NULL, "name" varchar, "email" varchar, "created_at" datetime NOT NULL, "updated_at" datetime NOT NULL, "password_digest" varchar, "remember_digest" varchar) [0m
  [1m[35m (149.8ms)[0m  CREATE TABLE "schema_migrations" ("version" varchar NOT NULL) 
  [1m[36m (0.2ms)[0m  [1mselect sqlite_version(*)[0m
  [1m[35m (168.8ms)[0m  CREATE UNIQUE INDEX "unique_schema_migrations" ON "schema_migrations" ("version")
  [1m[36m (0.3ms)[0m  [1mSELECT version FROM "schema_migrations"[0m
  [1m[35m (189.3ms)[0m  INSERT INTO "schema_migrations" (version) VALUES ('20150629003104')
  [1m[36m (145.7ms)[0m  [1mINSERT INTO "schema_migrations" (version) VALUES ('20150629002355')[0m
  [1m[35m (156.8ms)[0m  INSERT INTO "schema_migrations" (version) VALUES ('20150629000848')
  [1m[36m (179.2ms)[0m  [1mINSERT INTO "schema_migrations" (version) VALUES ('20150629001343')[0m
  [1m[35m (190.2ms)[0m  INSERT INTO "schema_migrations" (version) VALUES ('20150628235936')
  [1m[36m (154.6ms)[0m  [1mCREATE TABLE "users" ("id" INTEGER PRIMARY KEY AUTOINCREMENT NOT NULL, "name" varchar, "email" varchar, "created_at" datetime NOT NULL, "updated_at" datetime NOT NULL, "password_digest" varchar, "remember_digest" varchar) [0m
  [1m[35m (146.6ms)[0m  CREATE TABLE "schema_migrations" ("version" varchar NOT NULL) 
  [1m[36m (0.2ms)[0m  [1mselect sqlite_version(*)[0m
  [1m[35m (144.7ms)[0m  CREATE UNIQUE INDEX "unique_schema_migrations" ON "schema_migrations" ("version")
  [1m[36m (0.3ms)[0m  [1mSELECT version FROM "schema_migrations"[0m
  [1m[35m (122.7ms)[0m  INSERT INTO "schema_migrations" (version) VALUES ('20150629003104')
  [1m[36m (134.5ms)[0m  [1mINSERT INTO "schema_migrations" (version) VALUES ('20150629002355')[0m
  [1m[35m (179.2ms)[0m  INSERT INTO "schema_migrations" (version) VALUES ('20150629000848')
  [1m[36m (190.4ms)[0m  [1mINSERT INTO "schema_migrations" (version) VALUES ('20150629001343')[0m
  [1m[35m (123.3ms)[0m  INSERT INTO "schema_migrations" (version) VALUES ('20150628235936')
  [1m[36mActiveRecord::SchemaMigration Load (0.2ms)[0m  [1mSELECT "schema_migrations".* FROM "schema_migrations"[0m
  [1m[36m (0.1ms)[0m  [1mbegin transaction[0m
  [1m[35m (0.1ms)[0m  rollback transaction
  [1m[36m (0.1ms)[0m  [1mbegin transaction[0m
  [1m[35m (0.1ms)[0m  rollback transaction
  [1m[36m (0.1ms)[0m  [1mbegin transaction[0m
  [1m[35m (0.1ms)[0m  rollback transaction
  [1m[36m (0.1ms)[0m  [1mbegin transaction[0m
  [1m[35mSQL (0.4ms)[0m  INSERT INTO "users" ("name", "email", "password_digest", "created_at", "updated_at") VALUES (?, ?, ?, ?, ?)  [["name", "Kvothe"], ["email", "kingkiller@tarbean.com"], ["password_digest", "$2a$10$c/NPtG0iy7baTDqcOqWC8ugCbvZ2v7s1JkQkCyvyfc79R4MQ8HHu6"], ["created_at", "2015-06-29 00:50:32.068697"], ["updated_at", "2015-06-29 00:50:32.068697"]]
  [1m[36m (200.7ms)[0m  [1mcommit transaction[0m
  [1m[36m (0.1ms)[0m  [1mbegin transaction[0m
  [1m[35m (0.1ms)[0m  rollback transaction
  [1m[36m (0.1ms)[0m  [1mbegin transaction[0m
  [1m[35mSQL (0.4ms)[0m  INSERT INTO "users" ("name", "email", "password_digest", "created_at", "updated_at") VALUES (?, ?, ?, ?, ?)  [["name", "Kvothe"], ["email", "kingkiller@tarbean.com"], ["password_digest", "$2a$10$9tL.XX/Sh4u5ytMnkqPks.V8T6cj69p7va3RXhER4P67XbLV.9Fau"], ["created_at", "2015-06-29 00:57:06.625516"], ["updated_at", "2015-06-29 00:57:06.625516"]]
  [1m[36m (140.8ms)[0m  [1mcommit transaction[0m
  [1m[36m (175.2ms)[0m  [1mCREATE TABLE "users" ("id" INTEGER PRIMARY KEY AUTOINCREMENT NOT NULL, "name" varchar, "email" varchar, "created_at" datetime NOT NULL, "updated_at" datetime NOT NULL, "password_digest" varchar, "remember_token" varchar) [0m
  [1m[35m (139.3ms)[0m  CREATE TABLE "schema_migrations" ("version" varchar NOT NULL) 
  [1m[36m (0.2ms)[0m  [1mselect sqlite_version(*)[0m
  [1m[35m (189.5ms)[0m  CREATE UNIQUE INDEX "unique_schema_migrations" ON "schema_migrations" ("version")
  [1m[36m (0.1ms)[0m  [1mSELECT version FROM "schema_migrations"[0m
  [1m[35m (179.2ms)[0m  INSERT INTO "schema_migrations" (version) VALUES ('20150629003104')
  [1m[36m (181.0ms)[0m  [1mINSERT INTO "schema_migrations" (version) VALUES ('20150629002355')[0m
  [1m[35m (190.5ms)[0m  INSERT INTO "schema_migrations" (version) VALUES ('20150629000848')
  [1m[36m (168.1ms)[0m  [1mINSERT INTO "schema_migrations" (version) VALUES ('20150629001343')[0m
  [1m[35m (168.3ms)[0m  INSERT INTO "schema_migrations" (version) VALUES ('20150628235936')
  [1m[36m (199.5ms)[0m  [1mCREATE TABLE "users" ("id" INTEGER PRIMARY KEY AUTOINCREMENT NOT NULL, "name" varchar, "email" varchar, "created_at" datetime NOT NULL, "updated_at" datetime NOT NULL, "password_digest" varchar, "remember_token" varchar) [0m
  [1m[35m (190.0ms)[0m  CREATE TABLE "schema_migrations" ("version" varchar NOT NULL) 
  [1m[36m (0.2ms)[0m  [1mselect sqlite_version(*)[0m
  [1m[35m (435.8ms)[0m  CREATE UNIQUE INDEX "unique_schema_migrations" ON "schema_migrations" ("version")
  [1m[36m (0.5ms)[0m  [1mSELECT version FROM "schema_migrations"[0m
  [1m[35m (380.5ms)[0m  INSERT INTO "schema_migrations" (version) VALUES ('20150629003104')
  [1m[36m (212.8ms)[0m  [1mINSERT INTO "schema_migrations" (version) VALUES ('20150629002355')[0m
  [1m[35m (179.2ms)[0m  INSERT INTO "schema_migrations" (version) VALUES ('20150629000848')
  [1m[36m (179.3ms)[0m  [1mINSERT INTO "schema_migrations" (version) VALUES ('20150629001343')[0m
  [1m[35m (180.8ms)[0m  INSERT INTO "schema_migrations" (version) VALUES ('20150628235936')
  [1m[36mActiveRecord::SchemaMigration Load (0.3ms)[0m  [1mSELECT "schema_migrations".* FROM "schema_migrations"[0m
  [1m[36m (0.1ms)[0m  [1mbegin transaction[0m
  [1m[35mSQL (0.4ms)[0m  INSERT INTO "users" ("name", "email", "password_digest", "created_at", "updated_at") VALUES (?, ?, ?, ?, ?)  [["name", "Kvothe"], ["email", "kingkiller@tarbean.com"], ["password_digest", "$2a$10$4amW.13AgDcWtN2b9UM2AuzVXVDblHf1q3yg5wh7/ZN0uTQHLQPLa"], ["created_at", "2015-06-29 00:58:16.446894"], ["updated_at", "2015-06-29 00:58:16.446894"]]
  [1m[36m (190.3ms)[0m  [1mcommit transaction[0m
  [1m[36mActiveRecord::SchemaMigration Load (0.1ms)[0m  [1mSELECT "schema_migrations".* FROM "schema_migrations"[0m
Migrating to AddRememberTokenToUsers (20150629010031)
  [1m[35m (0.1ms)[0m  begin transaction
  [1m[36mSQL (0.4ms)[0m  [1mINSERT INTO "schema_migrations" ("version") VALUES (?)[0m  [["version", "20150629010031"]]
  [1m[35m (172.0ms)[0m  commit transaction
  [1m[36mActiveRecord::SchemaMigration Load (0.4ms)[0m  [1mSELECT "schema_migrations".* FROM "schema_migrations"[0m
  [1m[36m (151.7ms)[0m  [1mCREATE TABLE "users" ("id" INTEGER PRIMARY KEY AUTOINCREMENT NOT NULL, "name" varchar, "email" varchar, "created_at" datetime NOT NULL, "updated_at" datetime NOT NULL, "password_digest" varchar, "remember_token" varchar) [0m
  [1m[35m (118.9ms)[0m  CREATE TABLE "schema_migrations" ("version" varchar NOT NULL) 
  [1m[36m (0.2ms)[0m  [1mselect sqlite_version(*)[0m
  [1m[35m (202.0ms)[0m  CREATE UNIQUE INDEX "unique_schema_migrations" ON "schema_migrations" ("version")
  [1m[36m (0.3ms)[0m  [1mSELECT version FROM "schema_migrations"[0m
  [1m[35m (222.7ms)[0m  INSERT INTO "schema_migrations" (version) VALUES ('20150629010031')
  [1m[36m (157.1ms)[0m  [1mINSERT INTO "schema_migrations" (version) VALUES ('20150629002355')[0m
  [1m[35m (146.1ms)[0m  INSERT INTO "schema_migrations" (version) VALUES ('20150629000848')
  [1m[36m (190.6ms)[0m  [1mINSERT INTO "schema_migrations" (version) VALUES ('20150629001343')[0m
  [1m[35m (181.1ms)[0m  INSERT INTO "schema_migrations" (version) VALUES ('20150629003104')
  [1m[36m (179.3ms)[0m  [1mINSERT INTO "schema_migrations" (version) VALUES ('20150628235936')[0m
  [1m[35m (188.0ms)[0m  CREATE TABLE "users" ("id" INTEGER PRIMARY KEY AUTOINCREMENT NOT NULL, "name" varchar, "email" varchar, "created_at" datetime NOT NULL, "updated_at" datetime NOT NULL, "password_digest" varchar, "remember_token" varchar) 
  [1m[36m (200.7ms)[0m  [1mCREATE TABLE "schema_migrations" ("version" varchar NOT NULL) [0m
  [1m[35m (0.2ms)[0m  select sqlite_version(*)
  [1m[36m (178.3ms)[0m  [1mCREATE UNIQUE INDEX "unique_schema_migrations" ON "schema_migrations" ("version")[0m
  [1m[35m (0.5ms)[0m  SELECT version FROM "schema_migrations"
  [1m[36m (166.9ms)[0m  [1mINSERT INTO "schema_migrations" (version) VALUES ('20150629010031')[0m
  [1m[35m (192.1ms)[0m  INSERT INTO "schema_migrations" (version) VALUES ('20150629002355')
  [1m[36m (190.6ms)[0m  [1mINSERT INTO "schema_migrations" (version) VALUES ('20150629000848')[0m
  [1m[35m (190.5ms)[0m  INSERT INTO "schema_migrations" (version) VALUES ('20150629001343')
  [1m[36m (190.6ms)[0m  [1mINSERT INTO "schema_migrations" (version) VALUES ('20150629003104')[0m
  [1m[35m (168.0ms)[0m  INSERT INTO "schema_migrations" (version) VALUES ('20150628235936')
  [1m[36mActiveRecord::SchemaMigration Load (0.2ms)[0m  [1mSELECT "schema_migrations".* FROM "schema_migrations"[0m
  [1m[36m (0.1ms)[0m  [1mbegin transaction[0m
  [1m[35mSQL (0.4ms)[0m  INSERT INTO "users" ("name", "email", "password_digest", "created_at", "updated_at") VALUES (?, ?, ?, ?, ?)  [["name", "Kvothe"], ["email", "kingkiller@tarbean.com"], ["password_digest", "$2a$10$eyIYYe7oeBYr6O/wGBFWXOepdX/0SwrRJDsSx03AlW7W0VRX6L5DS"], ["created_at", "2015-06-29 01:01:49.648518"], ["updated_at", "2015-06-29 01:01:49.648518"]]
  [1m[36m (158.3ms)[0m  [1mcommit transaction[0m
  [1m[36m (0.1ms)[0m  [1mbegin transaction[0m
  [1m[35mSQL (0.4ms)[0m  INSERT INTO "users" ("name", "email", "password_digest", "created_at", "updated_at") VALUES (?, ?, ?, ?, ?)  [["name", "Kvothe"], ["email", "kingkiller@tarbean.com"], ["password_digest", "$2a$10$t/lXUV6foACI1423bmYV0us25uOQColNG2HWlgQzslzgBZ5Xd9KRy"], ["created_at", "2015-06-29 01:05:06.703874"], ["updated_at", "2015-06-29 01:05:06.703874"]]
  [1m[36m (196.7ms)[0m  [1mcommit transaction[0m
  [1m[36mActiveRecord::SchemaMigration Load (0.1ms)[0m  [1mSELECT "schema_migrations".* FROM "schema_migrations"[0m
Migrating to CreatePosts (20150629011809)
  [1m[35m (0.1ms)[0m  begin transaction
  [1m[36m (0.4ms)[0m  [1mCREATE TABLE "posts" ("id" INTEGER PRIMARY KEY AUTOINCREMENT NOT NULL, "title" varchar, "body" text, "created_at" datetime NOT NULL, "updated_at" datetime NOT NULL) [0m
  [1m[35mSQL (0.3ms)[0m  INSERT INTO "schema_migrations" ("version") VALUES (?)  [["version", "20150629011809"]]
  [1m[36m (173.4ms)[0m  [1mcommit transaction[0m
  [1m[35mActiveRecord::SchemaMigration Load (0.3ms)[0m  SELECT "schema_migrations".* FROM "schema_migrations"
  [1m[36mActiveRecord::SchemaMigration Load (0.1ms)[0m  [1mSELECT "schema_migrations".* FROM "schema_migrations"[0m
Migrating to AddForeignKeyToPost (20150629012315)
  [1m[35m (0.1ms)[0m  begin transaction
  [1m[36m (0.4ms)[0m  [1mALTER TABLE "posts" ADD "user_id" integer[0m
  [1m[35m (0.0ms)[0m  select sqlite_version(*)
  [1m[36m (0.1ms)[0m  [1mCREATE  INDEX "index_posts_on_user_id" ON "posts" ("user_id")[0m
  [1m[35mSQL (0.2ms)[0m  INSERT INTO "schema_migrations" ("version") VALUES (?)  [["version", "20150629012315"]]
  [1m[36m (116.7ms)[0m  [1mcommit transaction[0m
  [1m[35mActiveRecord::SchemaMigration Load (0.1ms)[0m  SELECT "schema_migrations".* FROM "schema_migrations"
  [1m[36m (0.1ms)[0m  [1m            SELECT sql
            FROM sqlite_master
            WHERE name='index_posts_on_user_id' AND type='index'
            UNION ALL
            SELECT sql
            FROM sqlite_temp_master
            WHERE name='index_posts_on_user_id' AND type='index'
[0m
